<?xml version="1.0" encoding="UTF-8" ?>
<testsuite tests="5" failures="1" name="tests.InformacoesUsuarioPageObjectsTest" time="65.379" errors="1" skipped="0">
  <properties>
    <property name="java.runtime.name" value="Java(TM) SE Runtime Environment"/>
    <property name="java.vm.version" value="14.0.2+12-46"/>
    <property name="sun.boot.library.path" value="/usr/lib/jvm/java-14-oracle/lib"/>
    <property name="maven.multiModuleProjectDirectory" value="/home/maiko/IdeaProjects/webdriver-Java"/>
    <property name="java.vm.vendor" value="Oracle Corporation"/>
    <property name="java.vendor.url" value="https://java.oracle.com/"/>
    <property name="guice.disable.misplaced.annotation.check" value="true"/>
    <property name="path.separator" value=":"/>
    <property name="java.vm.name" value="Java HotSpot(TM) 64-Bit Server VM"/>
    <property name="user.country" value="BR"/>
    <property name="sun.java.launcher" value="SUN_STANDARD"/>
    <property name="test" value="tests.InformacoesUsuarioPageObjectsTest"/>
    <property name="java.vm.specification.name" value="Java Virtual Machine Specification"/>
    <property name="user.dir" value="/home/maiko/IdeaProjects/webdriver-Java"/>
    <property name="java.vm.compressedOopsMode" value="32-bit"/>
    <property name="java.runtime.version" value="14.0.2+12-46"/>
    <property name="os.arch" value="amd64"/>
    <property name="java.io.tmpdir" value="/tmp"/>
    <property name="line.separator" value="
"/>
    <property name="java.vm.specification.vendor" value="Oracle Corporation"/>
    <property name="os.name" value="Linux"/>
    <property name="classworlds.conf" value="/usr/share/maven/bin/m2.conf"/>
    <property name="sun.jnu.encoding" value="UTF-8"/>
    <property name="java.library.path" value="/usr/java/packages/lib:/usr/lib64:/lib64:/lib:/usr/lib"/>
    <property name="maven.conf" value="/usr/share/maven/conf"/>
    <property name="jdk.debug" value="release"/>
    <property name="java.class.version" value="58.0"/>
    <property name="java.specification.name" value="Java Platform API Specification"/>
    <property name="sun.management.compiler" value="HotSpot 64-Bit Tiered Compilers"/>
    <property name="os.version" value="5.4.0-42-generic"/>
    <property name="library.jansi.path" value="/usr/share/maven/lib/jansi-native"/>
    <property name="user.home" value="/home/maiko"/>
    <property name="user.timezone" value="America/Sao_Paulo"/>
    <property name="file.encoding" value="UTF-8"/>
    <property name="java.specification.version" value="14"/>
    <property name="user.name" value="maiko"/>
    <property name="java.class.path" value="/usr/share/maven/boot/plexus-classworlds-2.x.jar"/>
    <property name="java.vm.specification.version" value="14"/>
    <property name="sun.arch.data.model" value="64"/>
    <property name="sun.java.command" value="org.codehaus.plexus.classworlds.launcher.Launcher clean test -Dtest=tests.InformacoesUsuarioPageObjectsTest"/>
    <property name="java.home" value="/usr/lib/jvm/java-14-oracle"/>
    <property name="user.language" value="pt"/>
    <property name="java.specification.vendor" value="Oracle Corporation"/>
    <property name="java.vm.info" value="mixed mode, sharing"/>
    <property name="java.version" value="14.0.2"/>
    <property name="securerandom.source" value="file:/dev/./urandom"/>
    <property name="java.vendor" value="Oracle Corporation"/>
    <property name="maven.home" value="/usr/share/maven"/>
    <property name="file.separator" value="/"/>
    <property name="java.version.date" value="2020-07-14"/>
    <property name="java.vendor.url.bug" value="https://bugreport.java.com/bugreport/"/>
    <property name="sun.io.unicode.encoding" value="UnicodeLittle"/>
    <property name="sun.cpu.endian" value="little"/>
  </properties>
  <testcase classname="tests.InformacoesUsuarioPageObjectsTest" name="testAdicionarUmaInformacaoAdicionalDoUsuario{senha=123456, tipo=Phone, mensagem=Your contact has been added!, login=julio0001, contato=+5511989891122}" time="10.427"/>
  <testcase classname="tests.InformacoesUsuarioPageObjectsTest" name="testAdicionarUmaInformacaoAdicionalDoUsuario{senha=123456, tipo=Phone, mensagem=Your contact has been added!, login=julio0001, contato=+5511989891123}" time="8.494"/>
  <testcase classname="tests.InformacoesUsuarioPageObjectsTest" name="testAdicionarUmaInformacaoAdicionalDoUsuario{senha=123456, tipo=E-mail, mensagem=Your contact has been added!, login=julio0001, contato=teste@passou.com}" time="8.321"/>
  <testcase classname="tests.InformacoesUsuarioPageObjectsTest" name="testAdicionarUmaInformacaoAdicionalDoUsuario{senha=123456, tipo=E-mail, mensagem=Your contact has been added!, login=julio0001, contato=teste@passou.com}" time="19.067">
    <error message="Element &lt;input class=&quot;validate&quot; name=&quot;login&quot; type=&quot;text&quot;&gt; is not reachable by keyboard
Build info: version: &apos;3.141.59&apos;, revision: &apos;e82be7d358&apos;, time: &apos;2018-11-14T08:17:03&apos;
System info: host: &apos;maiko-G3-3579&apos;, ip: &apos;127.0.1.1&apos;, os.name: &apos;Linux&apos;, os.arch: &apos;amd64&apos;, os.version: &apos;5.4.0-42-generic&apos;, java.version: &apos;14.0.2&apos;
Driver info: org.openqa.selenium.firefox.FirefoxDriver
Capabilities {acceptInsecureCerts: true, browserName: firefox, browserVersion: 79.0, javascriptEnabled: true, moz:accessibilityChecks: false, moz:buildID: 20200720193547, moz:geckodriverVersion: 0.27.0, moz:headless: false, moz:processID: 25225, moz:profile: /tmp/rust_mozprofileuKmU5l, moz:shutdownTimeout: 60000, moz:useNonSpecCompliantPointerOrigin: false, moz:webdriverClick: true, pageLoadStrategy: normal, platform: LINUX, platformName: LINUX, platformVersion: 5.4.0-42-generic, rotatable: false, setWindowRect: true, strictFileInteractability: false, timeouts: {implicit: 0, pageLoad: 300000, script: 30000}, unhandledPromptBehavior: dismiss and notify}
Session ID: ca70f83b-aacb-49e1-bb97-9a788d2221a4" type="org.openqa.selenium.ElementNotInteractableException">org.openqa.selenium.ElementNotInteractableException: Element &lt;input class=&quot;validate&quot; name=&quot;login&quot; type=&quot;text&quot;&gt; is not reachable by keyboard
Build info: version: &apos;3.141.59&apos;, revision: &apos;e82be7d358&apos;, time: &apos;2018-11-14T08:17:03&apos;
System info: host: &apos;maiko-G3-3579&apos;, ip: &apos;127.0.1.1&apos;, os.name: &apos;Linux&apos;, os.arch: &apos;amd64&apos;, os.version: &apos;5.4.0-42-generic&apos;, java.version: &apos;14.0.2&apos;
Driver info: org.openqa.selenium.firefox.FirefoxDriver
Capabilities {acceptInsecureCerts: true, browserName: firefox, browserVersion: 79.0, javascriptEnabled: true, moz:accessibilityChecks: false, moz:buildID: 20200720193547, moz:geckodriverVersion: 0.27.0, moz:headless: false, moz:processID: 25225, moz:profile: /tmp/rust_mozprofileuKmU5l, moz:shutdownTimeout: 60000, moz:useNonSpecCompliantPointerOrigin: false, moz:webdriverClick: true, pageLoadStrategy: normal, platform: LINUX, platformName: LINUX, platformVersion: 5.4.0-42-generic, rotatable: false, setWindowRect: true, strictFileInteractability: false, timeouts: {implicit: 0, pageLoad: 300000, script: 30000}, unhandledPromptBehavior: dismiss and notify}
Session ID: ca70f83b-aacb-49e1-bb97-9a788d2221a4
	at java.base/jdk.internal.reflect.NativeConstructorAccessorImpl.newInstance0(Native Method)
	at java.base/jdk.internal.reflect.NativeConstructorAccessorImpl.newInstance(NativeConstructorAccessorImpl.java:62)
	at java.base/jdk.internal.reflect.DelegatingConstructorAccessorImpl.newInstance(DelegatingConstructorAccessorImpl.java:45)
	at java.base/java.lang.reflect.Constructor.newInstanceWithCaller(Constructor.java:500)
	at java.base/java.lang.reflect.Constructor.newInstance(Constructor.java:481)
	at org.openqa.selenium.remote.http.W3CHttpResponseCodec.createException(W3CHttpResponseCodec.java:187)
	at org.openqa.selenium.remote.http.W3CHttpResponseCodec.decode(W3CHttpResponseCodec.java:122)
	at org.openqa.selenium.remote.http.W3CHttpResponseCodec.decode(W3CHttpResponseCodec.java:49)
	at org.openqa.selenium.remote.HttpCommandExecutor.execute(HttpCommandExecutor.java:158)
	at org.openqa.selenium.remote.service.DriverCommandExecutor.execute(DriverCommandExecutor.java:83)
	at org.openqa.selenium.remote.RemoteWebDriver.execute(RemoteWebDriver.java:552)
	at org.openqa.selenium.remote.RemoteWebElement.execute(RemoteWebElement.java:285)
	at org.openqa.selenium.remote.RemoteWebElement.sendKeys(RemoteWebElement.java:106)
	at pages.loginFormPage.fazerLogin(loginFormPage.java:26)
	at tests.InformacoesUsuarioPageObjectsTest.testAdicionarUmaInformacaoAdicionalDoUsuario(InformacoesUsuarioPageObjectsTest.java:32)
	at java.base/jdk.internal.reflect.NativeMethodAccessorImpl.invoke0(Native Method)
	at java.base/jdk.internal.reflect.NativeMethodAccessorImpl.invoke(NativeMethodAccessorImpl.java:62)
	at java.base/jdk.internal.reflect.DelegatingMethodAccessorImpl.invoke(DelegatingMethodAccessorImpl.java:43)
	at java.base/java.lang.reflect.Method.invoke(Method.java:564)
	at org.junit.runners.model.FrameworkMethod$1.runReflectiveCall(FrameworkMethod.java:59)
	at org.junit.internal.runners.model.ReflectiveCallable.run(ReflectiveCallable.java:12)
	at org.junit.runners.model.FrameworkMethod.invokeExplosively(FrameworkMethod.java:56)
	at org.easetech.easytest.runner.InternalParameterizedStatement.methodCompletesWithParameters(InternalParameterizedStatement.java:200)
	at org.easetech.easytest.runner.InternalParameterizedStatement.runWithCompleteAssignment(InternalParameterizedStatement.java:158)
	at org.easetech.easytest.runner.InternalParameterizedStatement.runWithAssignment(InternalParameterizedStatement.java:141)
	at org.easetech.easytest.runner.InternalParameterizedStatement.evaluate(InternalParameterizedStatement.java:99)
	at org.junit.internal.runners.statements.RunBefores.evaluate(RunBefores.java:26)
	at org.junit.internal.runners.statements.RunAfters.evaluate(RunAfters.java:27)
	at org.junit.runners.ParentRunner$3.evaluate(ParentRunner.java:306)
	at org.easetech.easytest.runner.DataDrivenTestRunner$1.evaluate(DataDrivenTestRunner.java:350)
	at org.junit.runners.BlockJUnit4ClassRunner$1.evaluate(BlockJUnit4ClassRunner.java:100)
	at org.junit.runners.ParentRunner.runLeaf(ParentRunner.java:366)
	at org.junit.runners.BlockJUnit4ClassRunner.runChild(BlockJUnit4ClassRunner.java:103)
	at org.junit.runners.BlockJUnit4ClassRunner.runChild(BlockJUnit4ClassRunner.java:63)
	at org.junit.runners.ParentRunner$4.run(ParentRunner.java:331)
	at org.easetech.easytest.strategy.SerialScheduler.schedule(SerialScheduler.java:16)
	at org.junit.runners.ParentRunner.runChildren(ParentRunner.java:329)
	at org.junit.runners.ParentRunner.access$100(ParentRunner.java:66)
	at org.junit.runners.ParentRunner$2.evaluate(ParentRunner.java:293)
	at org.easetech.easytest.util.RunAftersWithOutputData.evaluate(RunAftersWithOutputData.java:111)
	at org.junit.runners.ParentRunner$3.evaluate(ParentRunner.java:306)
	at org.junit.runners.ParentRunner.run(ParentRunner.java:413)
	at org.apache.maven.surefire.junit4.JUnit4Provider.execute(JUnit4Provider.java:252)
	at org.apache.maven.surefire.junit4.JUnit4Provider.executeTestSet(JUnit4Provider.java:141)
	at org.apache.maven.surefire.junit4.JUnit4Provider.invoke(JUnit4Provider.java:112)
	at java.base/jdk.internal.reflect.NativeMethodAccessorImpl.invoke0(Native Method)
	at java.base/jdk.internal.reflect.NativeMethodAccessorImpl.invoke(NativeMethodAccessorImpl.java:62)
	at java.base/jdk.internal.reflect.DelegatingMethodAccessorImpl.invoke(DelegatingMethodAccessorImpl.java:43)
	at java.base/java.lang.reflect.Method.invoke(Method.java:564)
	at org.apache.maven.surefire.util.ReflectionUtils.invokeMethodWithArray(ReflectionUtils.java:189)
	at org.apache.maven.surefire.booter.ProviderFactory$ProviderProxy.invoke(ProviderFactory.java:165)
	at org.apache.maven.surefire.booter.ProviderFactory.invokeProvider(ProviderFactory.java:85)
	at org.apache.maven.surefire.booter.ForkedBooter.runSuitesInProcess(ForkedBooter.java:115)
	at org.apache.maven.surefire.booter.ForkedBooter.main(ForkedBooter.java:75)
</error>
    <system-err>1596294212889	geckodriver	INFO	Listening on 127.0.0.1:20858
1596294212913	mozrunner::runner	INFO	Running command: &quot;/usr/lib/firefox/firefox&quot; &quot;--marionette&quot; &quot;-foreground&quot; &quot;-no-remote&quot; &quot;-profile&quot; &quot;/tmp/rust_mozprofileuKmU5l&quot;
console.error: SearchCache: &quot;_readCacheFile: Error reading cache file:&quot; (new Error(&quot;&quot;, &quot;(unknown module)&quot;))
1596294214830	Marionette	INFO	Listening on port 46355
1596294214919	Marionette	WARN	TLS certificate errors will be ignored for this session
ago. 01, 2020 12:03:34 PM org.openqa.selenium.remote.ProtocolHandshake createSession
INFO: Detected dialect: W3C
JavaScript error: http://www.juliodelima.com.br/taskit/assets/js/materialize.min.js, line 6: ReferenceError: $ is not defined
JavaScript error: http://www.juliodelima.com.br/taskit/assets/js/storefront.js, line 1: ReferenceError: $ is not defined
1596294230358	Marionette	INFO	Stopped listening on port 46355
</system-err>
  </testcase>
  <testcase classname="tests.InformacoesUsuarioPageObjectsTest" name="tests.InformacoesUsuarioPageObjectsTest" time="19.07">
    <failure message="testAdicionarUmaInformacaoAdicionalDoUsuario(TestInfo [testClass=org.junit.runners.model.TestClass@5c8da962, dataLoader=org.easetech.easytest.loader.CSVDataLoader@255990cc, filePaths=[InformacoesUsuarioPageObjectsTest.csv], methodName=testAdicionarUmaInformacaoAdicionalDoUsuario])" type="org.junit.experimental.theories.internal.ParameterizedAssertionError">org.junit.experimental.theories.internal.ParameterizedAssertionError: testAdicionarUmaInformacaoAdicionalDoUsuario(TestInfo [testClass=org.junit.runners.model.TestClass@5c8da962, dataLoader=org.easetech.easytest.loader.CSVDataLoader@255990cc, filePaths=[InformacoesUsuarioPageObjectsTest.csv], methodName=testAdicionarUmaInformacaoAdicionalDoUsuario])
	at org.easetech.easytest.util.RunAftersWithOutputData.writeData(RunAftersWithOutputData.java:157)
	at org.easetech.easytest.util.RunAftersWithOutputData.evaluate(RunAftersWithOutputData.java:133)
	at org.junit.runners.ParentRunner$3.evaluate(ParentRunner.java:306)
	at org.junit.runners.ParentRunner.run(ParentRunner.java:413)
	at org.apache.maven.surefire.junit4.JUnit4Provider.execute(JUnit4Provider.java:252)
	at org.apache.maven.surefire.junit4.JUnit4Provider.executeTestSet(JUnit4Provider.java:141)
	at org.apache.maven.surefire.junit4.JUnit4Provider.invoke(JUnit4Provider.java:112)
	at java.base/jdk.internal.reflect.NativeMethodAccessorImpl.invoke0(Native Method)
	at java.base/jdk.internal.reflect.NativeMethodAccessorImpl.invoke(NativeMethodAccessorImpl.java:62)
	at java.base/jdk.internal.reflect.DelegatingMethodAccessorImpl.invoke(DelegatingMethodAccessorImpl.java:43)
	at java.base/java.lang.reflect.Method.invoke(Method.java:564)
	at org.apache.maven.surefire.util.ReflectionUtils.invokeMethodWithArray(ReflectionUtils.java:189)
	at org.apache.maven.surefire.booter.ProviderFactory$ProviderProxy.invoke(ProviderFactory.java:165)
	at org.apache.maven.surefire.booter.ProviderFactory.invokeProvider(ProviderFactory.java:85)
	at org.apache.maven.surefire.booter.ForkedBooter.runSuitesInProcess(ForkedBooter.java:115)
	at org.apache.maven.surefire.booter.ForkedBooter.main(ForkedBooter.java:75)
Caused by: java.lang.RuntimeException: java.lang.NullPointerException
	at org.easetech.easytest.loader.CSVDataLoader.writeDataToCSV(CSVDataLoader.java:364)
	at org.easetech.easytest.loader.CSVDataLoader.writeData(CSVDataLoader.java:180)
	at org.easetech.easytest.util.RunAftersWithOutputData.writeData(RunAftersWithOutputData.java:154)
	... 15 more
Caused by: java.lang.NullPointerException
	at org.easetech.easytest.loader.CSVDataLoader.writeOutputData(CSVDataLoader.java:382)
	at org.easetech.easytest.loader.CSVDataLoader.writeDataToCSV(CSVDataLoader.java:347)
	... 17 more
</failure>
  </testcase>
</testsuite>